[
  {
    "line": 1,
    "elements": [
      {
        "line": 4,
        "name": "",
        "description": "",
        "type": "background",
        "keyword": "Background",
        "steps": [
          {
            "result": {
              "error_message": "java.lang.NullPointerException\n\tat steps.SmartBearSteps.userNavigatesTo(SmartBearSteps.java:36)\n\tat ✽.user is on \"http://secure.smartbearsoftware.com/samples/testcomplete12/WebOrders/login.aspx\"(src/test/resources/features/smartbear.feature:5)\n",
              "duration": 2565125,
              "status": "failed"
            },
            "line": 5,
            "name": "user is on \"http://secure.smartbearsoftware.com/samples/testcomplete12/WebOrders/login.aspx\"",
            "match": {
              "arguments": [
                {
                  "val": "\"http://secure.smartbearsoftware.com/samples/testcomplete12/WebOrders/login.aspx\"",
                  "offset": 11
                }
              ],
              "location": "SmartBearSteps.userNavigatesTo(String)"
            },
            "keyword": "Given "
          }
        ]
      },
      {
        "line": 16,
        "name": "Validate invalid login attempt",
        "description": "",
        "id": "smartbear-functionality;validate-invalid-login-attempt;;2",
        "after": [
          {
            "result": {
              "error_message": "java.lang.ExceptionInInitializerError\n\tat utils.Driver.getDriver(Driver.java:22)\n\tat steps.Hooks.teardown(Hooks.java:17)\n\tat sun.reflect.NativeMethodAccessorImpl.invoke0(Native Method)\n\tat sun.reflect.NativeMethodAccessorImpl.invoke(NativeMethodAccessorImpl.java:62)\n\tat sun.reflect.DelegatingMethodAccessorImpl.invoke(DelegatingMethodAccessorImpl.java:43)\n\tat java.lang.reflect.Method.invoke(Method.java:498)\n\tat cucumber.runtime.Utils$1.call(Utils.java:26)\n\tat cucumber.runtime.Timeout.timeout(Timeout.java:16)\n\tat cucumber.runtime.Utils.invoke(Utils.java:20)\n\tat cucumber.runtime.java.JavaHookDefinition.execute(JavaHookDefinition.java:60)\n\tat cucumber.runner.HookDefinitionMatch.runStep(HookDefinitionMatch.java:16)\n\tat cucumber.runner.TestStep.executeStep(TestStep.java:63)\n\tat cucumber.runner.TestStep.run(TestStep.java:49)\n\tat cucumber.runner.TestCase.run(TestCase.java:48)\n\tat cucumber.runner.Runner.runPickle(Runner.java:40)\n\tat cucumber.runtime.junit.PickleRunners$NoStepDescriptions.run(PickleRunners.java:146)\n\tat cucumber.runtime.junit.FeatureRunner.runChild(FeatureRunner.java:68)\n\tat cucumber.runtime.junit.FeatureRunner.runChild(FeatureRunner.java:23)\n\tat org.junit.runners.ParentRunner$3.run(ParentRunner.java:290)\n\tat org.junit.runners.ParentRunner$1.schedule(ParentRunner.java:71)\n\tat org.junit.runners.ParentRunner.runChildren(ParentRunner.java:288)\n\tat org.junit.runners.ParentRunner.access$000(ParentRunner.java:58)\n\tat org.junit.runners.ParentRunner$2.evaluate(ParentRunner.java:268)\n\tat org.junit.runners.ParentRunner.run(ParentRunner.java:363)\n\tat cucumber.runtime.junit.FeatureRunner.run(FeatureRunner.java:73)\n\tat cucumber.api.junit.Cucumber.runChild(Cucumber.java:124)\n\tat cucumber.api.junit.Cucumber.runChild(Cucumber.java:65)\n\tat org.junit.runners.ParentRunner$3.run(ParentRunner.java:290)\n\tat org.junit.runners.ParentRunner$1.schedule(ParentRunner.java:71)\n\tat org.junit.runners.ParentRunner.runChildren(ParentRunner.java:288)\n\tat org.junit.runners.ParentRunner.access$000(ParentRunner.java:58)\n\tat org.junit.runners.ParentRunner$2.evaluate(ParentRunner.java:268)\n\tat cucumber.api.junit.Cucumber$1.evaluate(Cucumber.java:133)\n\tat org.junit.runners.ParentRunner.run(ParentRunner.java:363)\n\tat org.apache.maven.surefire.junit4.JUnit4Provider.execute(JUnit4Provider.java:365)\n\tat org.apache.maven.surefire.junit4.JUnit4Provider.executeWithRerun(JUnit4Provider.java:273)\n\tat org.apache.maven.surefire.junit4.JUnit4Provider.executeTestSet(JUnit4Provider.java:238)\n\tat org.apache.maven.surefire.junit4.JUnit4Provider.invoke(JUnit4Provider.java:159)\n\tat org.apache.maven.surefire.booter.ForkedBooter.invokeProviderInSameClassLoader(ForkedBooter.java:384)\n\tat org.apache.maven.surefire.booter.ForkedBooter.runSuitesInProcess(ForkedBooter.java:345)\n\tat org.apache.maven.surefire.booter.ForkedBooter.execute(ForkedBooter.java:126)\n\tat org.apache.maven.surefire.booter.ForkedBooter.main(ForkedBooter.java:418)\nCaused by: java.lang.RuntimeException: java.io.FileNotFoundException: config.properties (No such file or directory)\n\tat utils.ConfigReader.\u003cclinit\u003e(ConfigReader.java:17)\n\t... 42 more\nCaused by: java.io.FileNotFoundException: config.properties (No such file or directory)\n\tat java.io.FileInputStream.open0(Native Method)\n\tat java.io.FileInputStream.open(FileInputStream.java:195)\n\tat java.io.FileInputStream.\u003cinit\u003e(FileInputStream.java:138)\n\tat java.io.FileInputStream.\u003cinit\u003e(FileInputStream.java:93)\n\tat utils.ConfigReader.\u003cclinit\u003e(ConfigReader.java:13)\n\t... 42 more\n",
              "duration": 934250,
              "status": "failed"
            },
            "match": {
              "location": "Hooks.teardown(Scenario)"
            }
          }
        ],
        "type": "scenario",
        "keyword": "Scenario Outline",
        "steps": [
          {
            "result": {
              "duration": 5500,
              "status": "skipped"
            },
            "line": 8,
            "name": "user enters username as \"abcd\"",
            "match": {
              "arguments": [
                {
                  "val": "\"abcd\"",
                  "offset": 24
                }
              ],
              "location": "SmartBearSteps.user_enters_username_as(String)"
            },
            "keyword": "When "
          },
          {
            "result": {
              "duration": 4125,
              "status": "skipped"
            },
            "line": 9,
            "name": "user enters password as \"abcd1234\"",
            "match": {
              "arguments": [
                {
                  "val": "\"abcd1234\"",
                  "offset": 24
                }
              ],
              "location": "SmartBearSteps.user_enters_password_as(String)"
            },
            "keyword": "And "
          },
          {
            "result": {
              "duration": 3208,
              "status": "skipped"
            },
            "line": 10,
            "name": "user clicks on Login button",
            "match": {
              "location": "SmartBearSteps.user_clicks_on_Login_button()"
            },
            "keyword": "And "
          },
          {
            "result": {
              "duration": 10250,
              "status": "skipped"
            },
            "line": 11,
            "name": "user should see \"Invalid Login or Password.\"",
            "match": {
              "arguments": [
                {
                  "val": "\"Invalid Login or Password.\"",
                  "offset": 16
                }
              ],
              "location": "SmartBearSteps.user_should_see_message(String)"
            },
            "keyword": "Then "
          }
        ]
      },
      {
        "line": 4,
        "name": "",
        "description": "",
        "type": "background",
        "keyword": "Background",
        "steps": [
          {
            "result": {
              "error_message": "java.lang.NullPointerException\n\tat steps.SmartBearSteps.userNavigatesTo(SmartBearSteps.java:36)\n\tat ✽.user is on \"http://secure.smartbearsoftware.com/samples/testcomplete12/WebOrders/login.aspx\"(src/test/resources/features/smartbear.feature:5)\n",
              "duration": 236792,
              "status": "failed"
            },
            "line": 5,
            "name": "user is on \"http://secure.smartbearsoftware.com/samples/testcomplete12/WebOrders/login.aspx\"",
            "match": {
              "arguments": [
                {
                  "val": "\"http://secure.smartbearsoftware.com/samples/testcomplete12/WebOrders/login.aspx\"",
                  "offset": 11
                }
              ],
              "location": "SmartBearSteps.userNavigatesTo(String)"
            },
            "keyword": "Given "
          }
        ]
      },
      {
        "line": 18,
        "name": "Validate valid login attempt",
        "description": "",
        "id": "smartbear-functionality;validate-valid-login-attempt",
        "after": [
          {
            "result": {
              "error_message": "java.lang.NoClassDefFoundError: Could not initialize class utils.ConfigReader\n\tat utils.Driver.getDriver(Driver.java:22)\n\tat steps.Hooks.teardown(Hooks.java:17)\n\tat sun.reflect.NativeMethodAccessorImpl.invoke0(Native Method)\n\tat sun.reflect.NativeMethodAccessorImpl.invoke(NativeMethodAccessorImpl.java:62)\n\tat sun.reflect.DelegatingMethodAccessorImpl.invoke(DelegatingMethodAccessorImpl.java:43)\n\tat java.lang.reflect.Method.invoke(Method.java:498)\n\tat cucumber.runtime.Utils$1.call(Utils.java:26)\n\tat cucumber.runtime.Timeout.timeout(Timeout.java:16)\n\tat cucumber.runtime.Utils.invoke(Utils.java:20)\n\tat cucumber.runtime.java.JavaHookDefinition.execute(JavaHookDefinition.java:60)\n\tat cucumber.runner.HookDefinitionMatch.runStep(HookDefinitionMatch.java:16)\n\tat cucumber.runner.TestStep.executeStep(TestStep.java:63)\n\tat cucumber.runner.TestStep.run(TestStep.java:49)\n\tat cucumber.runner.TestCase.run(TestCase.java:48)\n\tat cucumber.runner.Runner.runPickle(Runner.java:40)\n\tat cucumber.runtime.junit.PickleRunners$NoStepDescriptions.run(PickleRunners.java:146)\n\tat cucumber.runtime.junit.FeatureRunner.runChild(FeatureRunner.java:68)\n\tat cucumber.runtime.junit.FeatureRunner.runChild(FeatureRunner.java:23)\n\tat org.junit.runners.ParentRunner$3.run(ParentRunner.java:290)\n\tat org.junit.runners.ParentRunner$1.schedule(ParentRunner.java:71)\n\tat org.junit.runners.ParentRunner.runChildren(ParentRunner.java:288)\n\tat org.junit.runners.ParentRunner.access$000(ParentRunner.java:58)\n\tat org.junit.runners.ParentRunner$2.evaluate(ParentRunner.java:268)\n\tat org.junit.runners.ParentRunner.run(ParentRunner.java:363)\n\tat cucumber.runtime.junit.FeatureRunner.run(FeatureRunner.java:73)\n\tat cucumber.api.junit.Cucumber.runChild(Cucumber.java:124)\n\tat cucumber.api.junit.Cucumber.runChild(Cucumber.java:65)\n\tat org.junit.runners.ParentRunner$3.run(ParentRunner.java:290)\n\tat org.junit.runners.ParentRunner$1.schedule(ParentRunner.java:71)\n\tat org.junit.runners.ParentRunner.runChildren(ParentRunner.java:288)\n\tat org.junit.runners.ParentRunner.access$000(ParentRunner.java:58)\n\tat org.junit.runners.ParentRunner$2.evaluate(ParentRunner.java:268)\n\tat cucumber.api.junit.Cucumber$1.evaluate(Cucumber.java:133)\n\tat org.junit.runners.ParentRunner.run(ParentRunner.java:363)\n\tat org.apache.maven.surefire.junit4.JUnit4Provider.execute(JUnit4Provider.java:365)\n\tat org.apache.maven.surefire.junit4.JUnit4Provider.executeWithRerun(JUnit4Provider.java:273)\n\tat org.apache.maven.surefire.junit4.JUnit4Provider.executeTestSet(JUnit4Provider.java:238)\n\tat org.apache.maven.surefire.junit4.JUnit4Provider.invoke(JUnit4Provider.java:159)\n\tat org.apache.maven.surefire.booter.ForkedBooter.invokeProviderInSameClassLoader(ForkedBooter.java:384)\n\tat org.apache.maven.surefire.booter.ForkedBooter.runSuitesInProcess(ForkedBooter.java:345)\n\tat org.apache.maven.surefire.booter.ForkedBooter.execute(ForkedBooter.java:126)\n\tat org.apache.maven.surefire.booter.ForkedBooter.main(ForkedBooter.java:418)\n",
              "duration": 143459,
              "status": "failed"
            },
            "match": {
              "location": "Hooks.teardown(Scenario)"
            }
          }
        ],
        "type": "scenario",
        "keyword": "Scenario",
        "steps": [
          {
            "result": {
              "duration": 3125,
              "status": "skipped"
            },
            "line": 19,
            "name": "user enters username as \"Tester\"",
            "match": {
              "arguments": [
                {
                  "val": "\"Tester\"",
                  "offset": 24
                }
              ],
              "location": "SmartBearSteps.user_enters_username_as(String)"
            },
            "keyword": "When "
          },
          {
            "result": {
              "duration": 2875,
              "status": "skipped"
            },
            "line": 20,
            "name": "user enters password as \"test\"",
            "match": {
              "arguments": [
                {
                  "val": "\"test\"",
                  "offset": 24
                }
              ],
              "location": "SmartBearSteps.user_enters_password_as(String)"
            },
            "keyword": "And "
          },
          {
            "result": {
              "duration": 2583,
              "status": "skipped"
            },
            "line": 21,
            "name": "user clicks on Login button",
            "match": {
              "location": "SmartBearSteps.user_clicks_on_Login_button()"
            },
            "keyword": "And "
          },
          {
            "result": {
              "duration": 2541,
              "status": "skipped"
            },
            "line": 22,
            "name": "user should be routed to \"http://secure.smartbearsoftware.com/samples/testcomplete12/weborders/\"",
            "match": {
              "arguments": [
                {
                  "val": "\"http://secure.smartbearsoftware.com/samples/testcomplete12/weborders/\"",
                  "offset": 25
                }
              ],
              "location": "SmartBearSteps.user_should_be_routed_to_another_page(String)"
            },
            "keyword": "Then "
          }
        ]
      },
      {
        "line": 4,
        "name": "",
        "description": "",
        "type": "background",
        "keyword": "Background",
        "steps": [
          {
            "result": {
              "error_message": "java.lang.NullPointerException\n\tat steps.SmartBearSteps.userNavigatesTo(SmartBearSteps.java:36)\n\tat ✽.user is on \"http://secure.smartbearsoftware.com/samples/testcomplete12/WebOrders/login.aspx\"(src/test/resources/features/smartbear.feature:5)\n",
              "duration": 247833,
              "status": "failed"
            },
            "line": 5,
            "name": "user is on \"http://secure.smartbearsoftware.com/samples/testcomplete12/WebOrders/login.aspx\"",
            "match": {
              "arguments": [
                {
                  "val": "\"http://secure.smartbearsoftware.com/samples/testcomplete12/WebOrders/login.aspx\"",
                  "offset": 11
                }
              ],
              "location": "SmartBearSteps.userNavigatesTo(String)"
            },
            "keyword": "Given "
          }
        ]
      },
      {
        "line": 24,
        "name": "Validate “Web Orders” menu items",
        "description": "",
        "id": "smartbear-functionality;validate-“web-orders”-menu-items",
        "after": [
          {
            "result": {
              "error_message": "java.lang.NoClassDefFoundError: Could not initialize class utils.ConfigReader\n\tat utils.Driver.getDriver(Driver.java:22)\n\tat steps.Hooks.teardown(Hooks.java:17)\n\tat sun.reflect.NativeMethodAccessorImpl.invoke0(Native Method)\n\tat sun.reflect.NativeMethodAccessorImpl.invoke(NativeMethodAccessorImpl.java:62)\n\tat sun.reflect.DelegatingMethodAccessorImpl.invoke(DelegatingMethodAccessorImpl.java:43)\n\tat java.lang.reflect.Method.invoke(Method.java:498)\n\tat cucumber.runtime.Utils$1.call(Utils.java:26)\n\tat cucumber.runtime.Timeout.timeout(Timeout.java:16)\n\tat cucumber.runtime.Utils.invoke(Utils.java:20)\n\tat cucumber.runtime.java.JavaHookDefinition.execute(JavaHookDefinition.java:60)\n\tat cucumber.runner.HookDefinitionMatch.runStep(HookDefinitionMatch.java:16)\n\tat cucumber.runner.TestStep.executeStep(TestStep.java:63)\n\tat cucumber.runner.TestStep.run(TestStep.java:49)\n\tat cucumber.runner.TestCase.run(TestCase.java:48)\n\tat cucumber.runner.Runner.runPickle(Runner.java:40)\n\tat cucumber.runtime.junit.PickleRunners$NoStepDescriptions.run(PickleRunners.java:146)\n\tat cucumber.runtime.junit.FeatureRunner.runChild(FeatureRunner.java:68)\n\tat cucumber.runtime.junit.FeatureRunner.runChild(FeatureRunner.java:23)\n\tat org.junit.runners.ParentRunner$3.run(ParentRunner.java:290)\n\tat org.junit.runners.ParentRunner$1.schedule(ParentRunner.java:71)\n\tat org.junit.runners.ParentRunner.runChildren(ParentRunner.java:288)\n\tat org.junit.runners.ParentRunner.access$000(ParentRunner.java:58)\n\tat org.junit.runners.ParentRunner$2.evaluate(ParentRunner.java:268)\n\tat org.junit.runners.ParentRunner.run(ParentRunner.java:363)\n\tat cucumber.runtime.junit.FeatureRunner.run(FeatureRunner.java:73)\n\tat cucumber.api.junit.Cucumber.runChild(Cucumber.java:124)\n\tat cucumber.api.junit.Cucumber.runChild(Cucumber.java:65)\n\tat org.junit.runners.ParentRunner$3.run(ParentRunner.java:290)\n\tat org.junit.runners.ParentRunner$1.schedule(ParentRunner.java:71)\n\tat org.junit.runners.ParentRunner.runChildren(ParentRunner.java:288)\n\tat org.junit.runners.ParentRunner.access$000(ParentRunner.java:58)\n\tat org.junit.runners.ParentRunner$2.evaluate(ParentRunner.java:268)\n\tat cucumber.api.junit.Cucumber$1.evaluate(Cucumber.java:133)\n\tat org.junit.runners.ParentRunner.run(ParentRunner.java:363)\n\tat org.apache.maven.surefire.junit4.JUnit4Provider.execute(JUnit4Provider.java:365)\n\tat org.apache.maven.surefire.junit4.JUnit4Provider.executeWithRerun(JUnit4Provider.java:273)\n\tat org.apache.maven.surefire.junit4.JUnit4Provider.executeTestSet(JUnit4Provider.java:238)\n\tat org.apache.maven.surefire.junit4.JUnit4Provider.invoke(JUnit4Provider.java:159)\n\tat org.apache.maven.surefire.booter.ForkedBooter.invokeProviderInSameClassLoader(ForkedBooter.java:384)\n\tat org.apache.maven.surefire.booter.ForkedBooter.runSuitesInProcess(ForkedBooter.java:345)\n\tat org.apache.maven.surefire.booter.ForkedBooter.execute(ForkedBooter.java:126)\n\tat org.apache.maven.surefire.booter.ForkedBooter.main(ForkedBooter.java:418)\n",
              "duration": 72125,
              "status": "failed"
            },
            "match": {
              "location": "Hooks.teardown(Scenario)"
            }
          }
        ],
        "type": "scenario",
        "keyword": "Scenario",
        "steps": [
          {
            "result": {
              "duration": 2791,
              "status": "skipped"
            },
            "line": 25,
            "name": "user is on \"http://secure.smartbearsoftware.com/samples/testcomplete12/WebOrders/login.aspx\"",
            "match": {
              "arguments": [
                {
                  "val": "\"http://secure.smartbearsoftware.com/samples/testcomplete12/WebOrders/login.aspx\"",
                  "offset": 11
                }
              ],
              "location": "SmartBearSteps.userNavigatesTo(String)"
            },
            "keyword": "Given "
          },
          {
            "result": {
              "duration": 3333,
              "status": "skipped"
            },
            "line": 26,
            "name": "user enters username as \"Tester\"",
            "match": {
              "arguments": [
                {
                  "val": "\"Tester\"",
                  "offset": 24
                }
              ],
              "location": "SmartBearSteps.user_enters_username_as(String)"
            },
            "keyword": "When "
          },
          {
            "result": {
              "duration": 2916,
              "status": "skipped"
            },
            "line": 27,
            "name": "user enters password as \"test\"",
            "match": {
              "arguments": [
                {
                  "val": "\"test\"",
                  "offset": 24
                }
              ],
              "location": "SmartBearSteps.user_enters_password_as(String)"
            },
            "keyword": "And "
          },
          {
            "result": {
              "duration": 2334,
              "status": "skipped"
            },
            "line": 28,
            "name": "user clicks on Login button",
            "match": {
              "location": "SmartBearSteps.user_clicks_on_Login_button()"
            },
            "keyword": "And "
          },
          {
            "result": {
              "duration": 2166,
              "status": "skipped"
            },
            "line": 29,
            "name": "user should be routed to \"http://secure.smartbearsoftware.com/samples/testcomplete12/weborders/\"",
            "match": {
              "arguments": [
                {
                  "val": "\"http://secure.smartbearsoftware.com/samples/testcomplete12/weborders/\"",
                  "offset": 25
                }
              ],
              "location": "SmartBearSteps.user_should_be_routed_to_another_page(String)"
            },
            "keyword": "Then "
          },
          {
            "result": {
              "duration": 2167,
              "status": "skipped"
            },
            "line": 30,
            "name": "validate below menu items are displayed",
            "match": {
              "location": "SmartBearSteps.validate_below_menu_items_are_displayed(DataTable)"
            },
            "rows": [
              {
                "cells": [
                  "View all orders",
                  "View all products",
                  "Order"
                ]
              }
            ],
            "keyword": "And "
          }
        ]
      },
      {
        "line": 4,
        "name": "",
        "description": "",
        "type": "background",
        "keyword": "Background",
        "steps": [
          {
            "result": {
              "error_message": "java.lang.NullPointerException\n\tat steps.SmartBearSteps.userNavigatesTo(SmartBearSteps.java:36)\n\tat ✽.user is on \"http://secure.smartbearsoftware.com/samples/testcomplete12/WebOrders/login.aspx\"(src/test/resources/features/smartbear.feature:5)\n",
              "duration": 374750,
              "status": "failed"
            },
            "line": 5,
            "name": "user is on \"http://secure.smartbearsoftware.com/samples/testcomplete12/WebOrders/login.aspx\"",
            "match": {
              "arguments": [
                {
                  "val": "\"http://secure.smartbearsoftware.com/samples/testcomplete12/WebOrders/login.aspx\"",
                  "offset": 11
                }
              ],
              "location": "SmartBearSteps.userNavigatesTo(String)"
            },
            "keyword": "Given "
          }
        ]
      },
      {
        "line": 33,
        "name": "Validate “Check All” and “Uncheck All” links",
        "description": "",
        "id": "smartbear-functionality;validate-“check-all”-and-“uncheck-all”-links",
        "after": [
          {
            "result": {
              "error_message": "java.lang.NoClassDefFoundError: Could not initialize class utils.ConfigReader\n\tat utils.Driver.getDriver(Driver.java:22)\n\tat steps.Hooks.teardown(Hooks.java:17)\n\tat sun.reflect.NativeMethodAccessorImpl.invoke0(Native Method)\n\tat sun.reflect.NativeMethodAccessorImpl.invoke(NativeMethodAccessorImpl.java:62)\n\tat sun.reflect.DelegatingMethodAccessorImpl.invoke(DelegatingMethodAccessorImpl.java:43)\n\tat java.lang.reflect.Method.invoke(Method.java:498)\n\tat cucumber.runtime.Utils$1.call(Utils.java:26)\n\tat cucumber.runtime.Timeout.timeout(Timeout.java:16)\n\tat cucumber.runtime.Utils.invoke(Utils.java:20)\n\tat cucumber.runtime.java.JavaHookDefinition.execute(JavaHookDefinition.java:60)\n\tat cucumber.runner.HookDefinitionMatch.runStep(HookDefinitionMatch.java:16)\n\tat cucumber.runner.TestStep.executeStep(TestStep.java:63)\n\tat cucumber.runner.TestStep.run(TestStep.java:49)\n\tat cucumber.runner.TestCase.run(TestCase.java:48)\n\tat cucumber.runner.Runner.runPickle(Runner.java:40)\n\tat cucumber.runtime.junit.PickleRunners$NoStepDescriptions.run(PickleRunners.java:146)\n\tat cucumber.runtime.junit.FeatureRunner.runChild(FeatureRunner.java:68)\n\tat cucumber.runtime.junit.FeatureRunner.runChild(FeatureRunner.java:23)\n\tat org.junit.runners.ParentRunner$3.run(ParentRunner.java:290)\n\tat org.junit.runners.ParentRunner$1.schedule(ParentRunner.java:71)\n\tat org.junit.runners.ParentRunner.runChildren(ParentRunner.java:288)\n\tat org.junit.runners.ParentRunner.access$000(ParentRunner.java:58)\n\tat org.junit.runners.ParentRunner$2.evaluate(ParentRunner.java:268)\n\tat org.junit.runners.ParentRunner.run(ParentRunner.java:363)\n\tat cucumber.runtime.junit.FeatureRunner.run(FeatureRunner.java:73)\n\tat cucumber.api.junit.Cucumber.runChild(Cucumber.java:124)\n\tat cucumber.api.junit.Cucumber.runChild(Cucumber.java:65)\n\tat org.junit.runners.ParentRunner$3.run(ParentRunner.java:290)\n\tat org.junit.runners.ParentRunner$1.schedule(ParentRunner.java:71)\n\tat org.junit.runners.ParentRunner.runChildren(ParentRunner.java:288)\n\tat org.junit.runners.ParentRunner.access$000(ParentRunner.java:58)\n\tat org.junit.runners.ParentRunner$2.evaluate(ParentRunner.java:268)\n\tat cucumber.api.junit.Cucumber$1.evaluate(Cucumber.java:133)\n\tat org.junit.runners.ParentRunner.run(ParentRunner.java:363)\n\tat org.apache.maven.surefire.junit4.JUnit4Provider.execute(JUnit4Provider.java:365)\n\tat org.apache.maven.surefire.junit4.JUnit4Provider.executeWithRerun(JUnit4Provider.java:273)\n\tat org.apache.maven.surefire.junit4.JUnit4Provider.executeTestSet(JUnit4Provider.java:238)\n\tat org.apache.maven.surefire.junit4.JUnit4Provider.invoke(JUnit4Provider.java:159)\n\tat org.apache.maven.surefire.booter.ForkedBooter.invokeProviderInSameClassLoader(ForkedBooter.java:384)\n\tat org.apache.maven.surefire.booter.ForkedBooter.runSuitesInProcess(ForkedBooter.java:345)\n\tat org.apache.maven.surefire.booter.ForkedBooter.execute(ForkedBooter.java:126)\n\tat org.apache.maven.surefire.booter.ForkedBooter.main(ForkedBooter.java:418)\n",
              "duration": 102625,
              "status": "failed"
            },
            "match": {
              "location": "Hooks.teardown(Scenario)"
            }
          }
        ],
        "type": "scenario",
        "keyword": "Scenario",
        "steps": [
          {
            "result": {
              "duration": 3459,
              "status": "skipped"
            },
            "line": 34,
            "name": "user is on \"http://secure.smartbearsoftware.com/samples/testcomplete12/WebOrders/login.aspx\"",
            "match": {
              "arguments": [
                {
                  "val": "\"http://secure.smartbearsoftware.com/samples/testcomplete12/WebOrders/login.aspx\"",
                  "offset": 11
                }
              ],
              "location": "SmartBearSteps.userNavigatesTo(String)"
            },
            "keyword": "Given "
          },
          {
            "result": {
              "duration": 4708,
              "status": "skipped"
            },
            "line": 35,
            "name": "user enters username as \"Tester\"",
            "match": {
              "arguments": [
                {
                  "val": "\"Tester\"",
                  "offset": 24
                }
              ],
              "location": "SmartBearSteps.user_enters_username_as(String)"
            },
            "keyword": "When "
          },
          {
            "result": {
              "duration": 3291,
              "status": "skipped"
            },
            "line": 36,
            "name": "user enters password as \"test\"",
            "match": {
              "arguments": [
                {
                  "val": "\"test\"",
                  "offset": 24
                }
              ],
              "location": "SmartBearSteps.user_enters_password_as(String)"
            },
            "keyword": "And "
          },
          {
            "result": {
              "duration": 2625,
              "status": "skipped"
            },
            "line": 37,
            "name": "user clicks on Login button",
            "match": {
              "location": "SmartBearSteps.user_clicks_on_Login_button()"
            },
            "keyword": "And "
          },
          {
            "result": {
              "duration": 2417,
              "status": "skipped"
            },
            "line": 38,
            "name": "user should be routed to \"http://secure.smartbearsoftware.com/samples/testcomplete12/weborders/\"",
            "match": {
              "arguments": [
                {
                  "val": "\"http://secure.smartbearsoftware.com/samples/testcomplete12/weborders/\"",
                  "offset": 25
                }
              ],
              "location": "SmartBearSteps.user_should_be_routed_to_another_page(String)"
            },
            "keyword": "Then "
          },
          {
            "result": {
              "duration": 4292,
              "status": "skipped"
            },
            "line": 39,
            "name": "user clicks on \"Check All\" button",
            "match": {
              "arguments": [
                {
                  "val": "\"Check All\"",
                  "offset": 15
                }
              ],
              "location": "SmartBearSteps.user_clicks_on_button(String)"
            },
            "keyword": "When "
          },
          {
            "result": {
              "duration": 2166,
              "status": "skipped"
            },
            "line": 40,
            "name": "all rows should be checked",
            "match": {
              "location": "SmartBearSteps.all_rows_should_be_checked()"
            },
            "keyword": "Then "
          },
          {
            "result": {
              "duration": 2209,
              "status": "skipped"
            },
            "line": 41,
            "name": "user clicks on \"Uncheck All\" button",
            "match": {
              "arguments": [
                {
                  "val": "\"Uncheck All\"",
                  "offset": 15
                }
              ],
              "location": "SmartBearSteps.user_clicks_on_button(String)"
            },
            "keyword": "When "
          },
          {
            "result": {
              "duration": 2250,
              "status": "skipped"
            },
            "line": 42,
            "name": "all rows should be unchecked",
            "match": {
              "location": "SmartBearSteps.all_rows_should_be_unchecked()"
            },
            "keyword": "Then "
          }
        ]
      },
      {
        "line": 4,
        "name": "",
        "description": "",
        "type": "background",
        "keyword": "Background",
        "steps": [
          {
            "result": {
              "error_message": "java.lang.NullPointerException\n\tat steps.SmartBearSteps.userNavigatesTo(SmartBearSteps.java:36)\n\tat ✽.user is on \"http://secure.smartbearsoftware.com/samples/testcomplete12/WebOrders/login.aspx\"(src/test/resources/features/smartbear.feature:5)\n",
              "duration": 204875,
              "status": "failed"
            },
            "line": 5,
            "name": "user is on \"http://secure.smartbearsoftware.com/samples/testcomplete12/WebOrders/login.aspx\"",
            "match": {
              "arguments": [
                {
                  "val": "\"http://secure.smartbearsoftware.com/samples/testcomplete12/WebOrders/login.aspx\"",
                  "offset": 11
                }
              ],
              "location": "SmartBearSteps.userNavigatesTo(String)"
            },
            "keyword": "Given "
          }
        ]
      },
      {
        "line": 44,
        "name": "Validate adding new order",
        "description": "",
        "id": "smartbear-functionality;validate-adding-new-order",
        "after": [
          {
            "result": {
              "error_message": "java.lang.NoClassDefFoundError: Could not initialize class utils.ConfigReader\n\tat utils.Driver.getDriver(Driver.java:22)\n\tat steps.Hooks.teardown(Hooks.java:17)\n\tat sun.reflect.NativeMethodAccessorImpl.invoke0(Native Method)\n\tat sun.reflect.NativeMethodAccessorImpl.invoke(NativeMethodAccessorImpl.java:62)\n\tat sun.reflect.DelegatingMethodAccessorImpl.invoke(DelegatingMethodAccessorImpl.java:43)\n\tat java.lang.reflect.Method.invoke(Method.java:498)\n\tat cucumber.runtime.Utils$1.call(Utils.java:26)\n\tat cucumber.runtime.Timeout.timeout(Timeout.java:16)\n\tat cucumber.runtime.Utils.invoke(Utils.java:20)\n\tat cucumber.runtime.java.JavaHookDefinition.execute(JavaHookDefinition.java:60)\n\tat cucumber.runner.HookDefinitionMatch.runStep(HookDefinitionMatch.java:16)\n\tat cucumber.runner.TestStep.executeStep(TestStep.java:63)\n\tat cucumber.runner.TestStep.run(TestStep.java:49)\n\tat cucumber.runner.TestCase.run(TestCase.java:48)\n\tat cucumber.runner.Runner.runPickle(Runner.java:40)\n\tat cucumber.runtime.junit.PickleRunners$NoStepDescriptions.run(PickleRunners.java:146)\n\tat cucumber.runtime.junit.FeatureRunner.runChild(FeatureRunner.java:68)\n\tat cucumber.runtime.junit.FeatureRunner.runChild(FeatureRunner.java:23)\n\tat org.junit.runners.ParentRunner$3.run(ParentRunner.java:290)\n\tat org.junit.runners.ParentRunner$1.schedule(ParentRunner.java:71)\n\tat org.junit.runners.ParentRunner.runChildren(ParentRunner.java:288)\n\tat org.junit.runners.ParentRunner.access$000(ParentRunner.java:58)\n\tat org.junit.runners.ParentRunner$2.evaluate(ParentRunner.java:268)\n\tat org.junit.runners.ParentRunner.run(ParentRunner.java:363)\n\tat cucumber.runtime.junit.FeatureRunner.run(FeatureRunner.java:73)\n\tat cucumber.api.junit.Cucumber.runChild(Cucumber.java:124)\n\tat cucumber.api.junit.Cucumber.runChild(Cucumber.java:65)\n\tat org.junit.runners.ParentRunner$3.run(ParentRunner.java:290)\n\tat org.junit.runners.ParentRunner$1.schedule(ParentRunner.java:71)\n\tat org.junit.runners.ParentRunner.runChildren(ParentRunner.java:288)\n\tat org.junit.runners.ParentRunner.access$000(ParentRunner.java:58)\n\tat org.junit.runners.ParentRunner$2.evaluate(ParentRunner.java:268)\n\tat cucumber.api.junit.Cucumber$1.evaluate(Cucumber.java:133)\n\tat org.junit.runners.ParentRunner.run(ParentRunner.java:363)\n\tat org.apache.maven.surefire.junit4.JUnit4Provider.execute(JUnit4Provider.java:365)\n\tat org.apache.maven.surefire.junit4.JUnit4Provider.executeWithRerun(JUnit4Provider.java:273)\n\tat org.apache.maven.surefire.junit4.JUnit4Provider.executeTestSet(JUnit4Provider.java:238)\n\tat org.apache.maven.surefire.junit4.JUnit4Provider.invoke(JUnit4Provider.java:159)\n\tat org.apache.maven.surefire.booter.ForkedBooter.invokeProviderInSameClassLoader(ForkedBooter.java:384)\n\tat org.apache.maven.surefire.booter.ForkedBooter.runSuitesInProcess(ForkedBooter.java:345)\n\tat org.apache.maven.surefire.booter.ForkedBooter.execute(ForkedBooter.java:126)\n\tat org.apache.maven.surefire.booter.ForkedBooter.main(ForkedBooter.java:418)\n",
              "duration": 81125,
              "status": "failed"
            },
            "match": {
              "location": "Hooks.teardown(Scenario)"
            }
          }
        ],
        "type": "scenario",
        "keyword": "Scenario",
        "steps": [
          {
            "result": {
              "duration": 3125,
              "status": "skipped"
            },
            "line": 45,
            "name": "user is on \"http://secure.smartbearsoftware.com/samples/testcomplete12/WebOrders/login.aspx\"",
            "match": {
              "arguments": [
                {
                  "val": "\"http://secure.smartbearsoftware.com/samples/testcomplete12/WebOrders/login.aspx\"",
                  "offset": 11
                }
              ],
              "location": "SmartBearSteps.userNavigatesTo(String)"
            },
            "keyword": "Given "
          },
          {
            "result": {
              "duration": 4625,
              "status": "skipped"
            },
            "line": 46,
            "name": "user enters username as \"Tester\"",
            "match": {
              "arguments": [
                {
                  "val": "\"Tester\"",
                  "offset": 24
                }
              ],
              "location": "SmartBearSteps.user_enters_username_as(String)"
            },
            "keyword": "When "
          },
          {
            "result": {
              "duration": 3708,
              "status": "skipped"
            },
            "line": 47,
            "name": "user enters password as \"test\"",
            "match": {
              "arguments": [
                {
                  "val": "\"test\"",
                  "offset": 24
                }
              ],
              "location": "SmartBearSteps.user_enters_password_as(String)"
            },
            "keyword": "And "
          },
          {
            "result": {
              "duration": 2500,
              "status": "skipped"
            },
            "line": 48,
            "name": "user clicks on Login button",
            "match": {
              "location": "SmartBearSteps.user_clicks_on_Login_button()"
            },
            "keyword": "And "
          },
          {
            "result": {
              "duration": 2417,
              "status": "skipped"
            },
            "line": 49,
            "name": "user should be routed to \"http://secure.smartbearsoftware.com/samples/testcomplete12/weborders/\"",
            "match": {
              "arguments": [
                {
                  "val": "\"http://secure.smartbearsoftware.com/samples/testcomplete12/weborders/\"",
                  "offset": 25
                }
              ],
              "location": "SmartBearSteps.user_should_be_routed_to_another_page(String)"
            },
            "keyword": "Then "
          },
          {
            "result": {
              "duration": 2375,
              "status": "skipped"
            },
            "line": 50,
            "name": "user clicks on \"Order\" menu item",
            "match": {
              "arguments": [
                {
                  "val": "\"Order\"",
                  "offset": 15
                }
              ],
              "location": "SmartBearSteps.user_clicks_on_menu_item(String)"
            },
            "keyword": "When "
          },
          {
            "result": {
              "duration": 2292,
              "status": "skipped"
            },
            "line": 51,
            "name": "user selects \"FamilyAlbum\" as product",
            "match": {
              "arguments": [
                {
                  "val": "\"FamilyAlbum\"",
                  "offset": 13
                }
              ],
              "location": "SmartBearSteps.user_selects_as_product(String)"
            },
            "keyword": "And "
          },
          {
            "result": {
              "duration": 2250,
              "status": "skipped"
            },
            "line": 52,
            "name": "user enters 2 as quantity",
            "match": {
              "arguments": [
                {
                  "val": "2",
                  "offset": 12
                }
              ],
              "location": "SmartBearSteps.user_enters_as_quantity()"
            },
            "keyword": "And "
          },
          {
            "result": {
              "duration": 2166,
              "status": "skipped"
            },
            "line": 53,
            "name": "user enters all address information",
            "match": {
              "location": "SmartBearSteps.user_enters_all_address_information(DataTable)"
            },
            "keyword": "And "
          },
          {
            "result": {
              "duration": 2084,
              "status": "skipped"
            },
            "line": 54,
            "name": "user enters all payment information",
            "match": {
              "location": "SmartBearSteps.user_enters_all_payment_information()"
            },
            "keyword": "And "
          },
          {
            "result": {
              "duration": 2208,
              "status": "skipped"
            },
            "line": 55,
            "name": "user clicks on \"Process\" button",
            "match": {
              "arguments": [
                {
                  "val": "\"Process\"",
                  "offset": 15
                }
              ],
              "location": "SmartBearSteps.user_clicks_on_button(String)"
            },
            "keyword": "And "
          },
          {
            "result": {
              "duration": 2000,
              "status": "skipped"
            },
            "line": 56,
            "name": "user clicks on \"View all orders\" menu item",
            "match": {
              "arguments": [
                {
                  "val": "\"View all orders\"",
                  "offset": 15
                }
              ],
              "location": "SmartBearSteps.user_clicks_on_menu_item(String)"
            },
            "keyword": "And "
          },
          {
            "result": {
              "duration": 2083,
              "status": "skipped"
            },
            "line": 57,
            "name": "user should see their order displayed in the \"List of All Orders\" table",
            "match": {
              "arguments": [
                {
                  "val": "\"List of All Orders\"",
                  "offset": 45
                }
              ],
              "location": "SmartBearSteps.user_should_see_their_order_displayed_in_the_table()"
            },
            "keyword": "Then "
          },
          {
            "result": {
              "duration": 4750,
              "status": "skipped"
            },
            "line": 58,
            "name": "validate all information entered displayed correct with the order",
            "match": {
              "location": "SmartBearSteps.validate_all_information_entered_displayed_correct_with_the_order(DataTable)"
            },
            "keyword": "And "
          }
        ]
      }
    ],
    "name": "SmartBear Functionality",
    "description": "",
    "id": "smartbear-functionality",
    "keyword": "Feature",
    "uri": "src/test/resources/features/smartbear.feature",
    "tags": []
  }
]